[26-Sep-2024 00:21:52 UTC] PHP Deprecated:  Creation of dynamic property PetAdoptionTablePlugin::$charset is deprecated in /var/www/wpudemy/wp-content/plugins/new-database-table/new-database-table.php on line 16
[26-Sep-2024 00:21:52 UTC] PHP Deprecated:  Creation of dynamic property PetAdoptionTablePlugin::$tablename is deprecated in /var/www/wpudemy/wp-content/plugins/new-database-table/new-database-table.php on line 17
[26-Sep-2024 00:21:52 UTC] PHP Deprecated:  Creation of dynamic property PetAdoptionTablePlugin::$charset is deprecated in /var/www/wpudemy/wp-content/plugins/new-database-table/new-database-table.php on line 16
[26-Sep-2024 00:21:52 UTC] PHP Deprecated:  Creation of dynamic property PetAdoptionTablePlugin::$tablename is deprecated in /var/www/wpudemy/wp-content/plugins/new-database-table/new-database-table.php on line 17
[26-Sep-2024 00:21:55 UTC] PHP Deprecated:  Creation of dynamic property PetAdoptionTablePlugin::$charset is deprecated in /var/www/wpudemy/wp-content/plugins/new-database-table/new-database-table.php on line 16
[26-Sep-2024 00:21:55 UTC] PHP Deprecated:  Creation of dynamic property PetAdoptionTablePlugin::$tablename is deprecated in /var/www/wpudemy/wp-content/plugins/new-database-table/new-database-table.php on line 17
[26-Sep-2024 00:21:55 UTC] PHP Deprecated:  Hook login_headertitle is <strong>deprecated</strong> since version 5.2.0! Use login_headertext instead. Usage of the title attribute on the login logo is not recommended for accessibility reasons. Use the link text instead. in /var/www/wpudemy/wp-includes/functions.php on line 6085
[26-Sep-2024 00:22:14 UTC] PHP Deprecated:  Creation of dynamic property PetAdoptionTablePlugin::$charset is deprecated in /var/www/wpudemy/wp-content/plugins/new-database-table/new-database-table.php on line 16
[26-Sep-2024 00:22:14 UTC] PHP Deprecated:  Creation of dynamic property PetAdoptionTablePlugin::$tablename is deprecated in /var/www/wpudemy/wp-content/plugins/new-database-table/new-database-table.php on line 17
[26-Sep-2024 00:22:14 UTC] PHP Deprecated:  Creation of dynamic property PetAdoptionTablePlugin::$charset is deprecated in /var/www/wpudemy/wp-content/plugins/new-database-table/new-database-table.php on line 16
[26-Sep-2024 00:22:14 UTC] PHP Deprecated:  Creation of dynamic property PetAdoptionTablePlugin::$tablename is deprecated in /var/www/wpudemy/wp-content/plugins/new-database-table/new-database-table.php on line 17
[26-Sep-2024 00:22:14 UTC] PHP Deprecated:  Creation of dynamic property PetAdoptionTablePlugin::$charset is deprecated in /var/www/wpudemy/wp-content/plugins/new-database-table/new-database-table.php on line 16
[26-Sep-2024 00:22:14 UTC] PHP Deprecated:  Creation of dynamic property PetAdoptionTablePlugin::$tablename is deprecated in /var/www/wpudemy/wp-content/plugins/new-database-table/new-database-table.php on line 17
[26-Sep-2024 00:22:22 UTC] PHP Deprecated:  Creation of dynamic property PetAdoptionTablePlugin::$charset is deprecated in /var/www/wpudemy/wp-content/plugins/new-database-table/new-database-table.php on line 16
[26-Sep-2024 00:22:22 UTC] PHP Deprecated:  Creation of dynamic property PetAdoptionTablePlugin::$tablename is deprecated in /var/www/wpudemy/wp-content/plugins/new-database-table/new-database-table.php on line 17
[26-Sep-2024 00:22:33 UTC] PHP Deprecated:  Creation of dynamic property PetAdoptionTablePlugin::$charset is deprecated in /var/www/wpudemy/wp-content/plugins/new-database-table/new-database-table.php on line 16
[26-Sep-2024 00:22:33 UTC] PHP Deprecated:  Creation of dynamic property PetAdoptionTablePlugin::$tablename is deprecated in /var/www/wpudemy/wp-content/plugins/new-database-table/new-database-table.php on line 17
[26-Sep-2024 00:22:33 UTC] PHP Warning:  Undefined array key "favcolor" in /var/www/wpudemy/wp-content/plugins/new-database-table/inc/GetPets.php on line 23
[26-Sep-2024 00:22:33 UTC] PHP Warning:  Undefined array key "minyear" in /var/www/wpudemy/wp-content/plugins/new-database-table/inc/GetPets.php on line 25
[26-Sep-2024 00:22:33 UTC] PHP Warning:  Undefined array key "maxyear" in /var/www/wpudemy/wp-content/plugins/new-database-table/inc/GetPets.php on line 26
[26-Sep-2024 00:22:33 UTC] PHP Warning:  Undefined array key "minweight" in /var/www/wpudemy/wp-content/plugins/new-database-table/inc/GetPets.php on line 27
[26-Sep-2024 00:22:33 UTC] PHP Warning:  Undefined array key "maxweight" in /var/www/wpudemy/wp-content/plugins/new-database-table/inc/GetPets.php on line 28
[26-Sep-2024 00:22:33 UTC] PHP Warning:  Undefined array key "favhobby" in /var/www/wpudemy/wp-content/plugins/new-database-table/inc/GetPets.php on line 29
[26-Sep-2024 00:22:33 UTC] PHP Warning:  Undefined array key "favfood" in /var/www/wpudemy/wp-content/plugins/new-database-table/inc/GetPets.php on line 30
[26-Sep-2024 00:22:33 UTC] PHP Deprecated:  Creation of dynamic property GetPets::$args is deprecated in /var/www/wpudemy/wp-content/plugins/new-database-table/inc/GetPets.php on line 8
[26-Sep-2024 00:22:33 UTC] PHP Deprecated:  Creation of dynamic property GetPets::$placeholders is deprecated in /var/www/wpudemy/wp-content/plugins/new-database-table/inc/GetPets.php on line 9
[26-Sep-2024 00:22:33 UTC] PHP Deprecated:  Creation of dynamic property GetPets::$count is deprecated in /var/www/wpudemy/wp-content/plugins/new-database-table/inc/GetPets.php on line 17
[26-Sep-2024 00:22:33 UTC] PHP Deprecated:  Creation of dynamic property GetPets::$pets is deprecated in /var/www/wpudemy/wp-content/plugins/new-database-table/inc/GetPets.php on line 18
